Command line:
   ROM_tb_isim_beh.exe
     -simmode  gui
     -simrunnum  0
     -socket  55383

Tue Sep 25 20:59:37 2018


 Elaboration Time: 0.03 sec

 Current Memory Usage: 196.092 Meg

 Total Signals          : 10
 Total Nets             : 177
 Total Signal Drivers   : 5
 Total Blocks           : 5
 Total Primitive Blocks : 4
 Total Processes        : 4
 Total Traceable Variables  : 11
 Total Scalar Nets and Variables : 556
Total Line Count : 74

 Total Simulation Time: 0.06 sec

 Current Memory Usage: 271.593 Meg

Tue Sep 25 21:00:37 2018

