Command line:
   servo_pwm_contador_clk64kHz_tb_isim_beh.exe
     -simmode  gui
     -simrunnum  0
     -socket  43777

Tue Aug 28 21:22:20 2018


 Elaboration Time: 0.02 sec

 Current Memory Usage: 196.096 Meg

 Total Signals          : 29
 Total Nets             : 41
 Total Signal Drivers   : 12
 Total Blocks           : 7
 Total Primitive Blocks : 5
 Total Processes        : 9
 Total Traceable Variables  : 14
 Total Scalar Nets and Variables : 525
Total Line Count : 35

 Total Simulation Time: 22.48 sec

 Current Memory Usage: 271.598 Meg

Tue Aug 28 21:24:25 2018

