Running: fuse.exe -relaunch -intstyle "ise" -incremental -o "C:/Users/utp.INFERNOCRIE/Desktop/Movimiento2/movimiento/test_isim_beh.exe" -prj "C:/Users/utp.INFERNOCRIE/Desktop/Movimiento2/movimiento/test_beh.prj" "work.test" 
ISim P.20131013 (signature 0x7708f090)
Number of CPUs detected in this system: 4
Turning on mult-threading, number of parallel sub-compilation jobs: 8 
Determining compilation order of HDL files
Parsing VHDL file "C:/Users/utp.INFERNOCRIE/Desktop/Movimiento2/movimiento/../servo_pwm.vhd" into library work
Parsing VHDL file "C:/Users/utp.INFERNOCRIE/Desktop/Movimiento2/movimiento/../ram.vhd" into library work
Parsing VHDL file "C:/Users/utp.INFERNOCRIE/Desktop/Movimiento2/movimiento/../mux.vhd" into library work
Parsing VHDL file "C:/Users/utp.INFERNOCRIE/Desktop/Movimiento2/movimiento/../counter_pwm.vhd" into library work
Parsing VHDL file "C:/Users/utp.INFERNOCRIE/Desktop/Movimiento2/movimiento/../clk_pwm.vhd" into library work
Parsing VHDL file "C:/Users/utp.INFERNOCRIE/Desktop/Movimiento2/movimiento/../servoC.vhd" into library work
Parsing VHDL file "C:/Users/utp.INFERNOCRIE/Desktop/Movimiento2/movimiento/test.vhd" into library work
Starting static elaboration
Completed static elaboration
Compiling package standard
Compiling package std_logic_1164
Compiling package numeric_std
Compiling package std_logic_arith
Compiling package std_logic_unsigned
Compiling architecture behavioral of entity clk64kHz [clk64khz_default]
Compiling architecture behavioral of entity MUX [mux_default]
Compiling architecture behavioral of entity ram [ram_default]
Compiling architecture behavioral of entity counter_servo [counter_servo_default]
Compiling architecture behavioral of entity servo_pwm [servo_pwm_default]
Compiling architecture behavioral of entity servoC [servoc_default]
Compiling architecture behavior of entity test
Time Resolution for simulation is 1ps.
Waiting for 4 sub-compilation(s) to finish...
Compiled 18 VHDL Units
Built simulation executable C:/Users/utp.INFERNOCRIE/Desktop/Movimiento2/movimiento/test_isim_beh.exe
Fuse Memory Usage: 37012 KB
Fuse CPU Usage: 592 ms
