Command line:
   Modul_AR_tb_isim_beh.exe
     -simmode  gui
     -simrunnum  0
     -socket  36741

Sat Sep  8 19:02:58 2018


 Elaboration Time: 0.03 sec

 Current Memory Usage: 196.092 Meg

 Total Signals          : 9
 Total Nets             : 30
 Total Signal Drivers   : 6
 Total Blocks           : 5
 Total Primitive Blocks : 4
 Total Processes        : 4
 Total Traceable Variables  : 12
 Total Scalar Nets and Variables : 410
Total Line Count : 41

 Total Simulation Time: 23.87 sec

 Current Memory Usage: 271.593 Meg

Sat Sep  8 19:03:22 2018

