Command line:
   Module_AR_tb_isim_beh.exe
     -simmode  gui
     -simrunnum  2
     -socket  36787

Sat Sep  8 20:19:01 2018


 Elaboration Time: 0.03 sec

 Current Memory Usage: 196.092 Meg

 Total Signals          : 9
 Total Nets             : 26
 Total Signal Drivers   : 6
 Total Blocks           : 5
 Total Primitive Blocks : 4
 Total Processes        : 4
 Total Traceable Variables  : 12
 Total Scalar Nets and Variables : 406
Total Line Count : 19

 Total Simulation Time: 12.69 sec

 Current Memory Usage: 271.593 Meg

Sat Sep  8 20:19:14 2018

