Release 14.7 - xst P.20131013 (lin64)
Copyright (c) 1995-2013 Xilinx, Inc.  All rights reserved.
--> 
Parameter TMPDIR set to xst/projnav.tmp


Total REAL time to Xst completion: 0.00 secs
Total CPU time to Xst completion: 0.07 secs
 
--> 
Parameter xsthdpdir set to xst


Total REAL time to Xst completion: 0.00 secs
Total CPU time to Xst completion: 0.07 secs
 
--> 
Reading design: AR_complete_counter.prj

TABLE OF CONTENTS
  1) Synthesis Options Summary
  2) HDL Compilation
  3) Design Hierarchy Analysis
  4) HDL Analysis
  5) HDL Synthesis
     5.1) HDL Synthesis Report
  6) Advanced HDL Synthesis
     6.1) Advanced HDL Synthesis Report
  7) Low Level Synthesis
  8) Partition Report
  9) Final Report
	9.1) Device utilization summary
	9.2) Partition Resource Summary
	9.3) TIMING REPORT


=========================================================================
*                      Synthesis Options Summary                        *
=========================================================================
---- Source Parameters
Input File Name                    : "AR_complete_counter.prj"
Input Format                       : mixed
Ignore Synthesis Constraint File   : NO

---- Target Parameters
Output File Name                   : "AR_complete_counter"
Output Format                      : NGC
Target Device                      : xc3s500e-4-fg320

---- Source Options
Top Module Name                    : AR_complete_counter
Automatic FSM Extraction           : YES
FSM Encoding Algorithm             : Auto
Safe Implementation                : No
FSM Style                          : LUT
RAM Extraction                     : Yes
RAM Style                          : Auto
ROM Extraction                     : Yes
Mux Style                          : Auto
Decoder Extraction                 : YES
Priority Encoder Extraction        : Yes
Shift Register Extraction          : YES
Logical Shifter Extraction         : YES
XOR Collapsing                     : YES
ROM Style                          : Auto
Mux Extraction                     : Yes
Resource Sharing                   : YES
Asynchronous To Synchronous        : NO
Multiplier Style                   : Auto
Automatic Register Balancing       : No

---- Target Options
Add IO Buffers                     : YES
Global Maximum Fanout              : 100000
Add Generic Clock Buffer(BUFG)     : 24
Register Duplication               : YES
Slice Packing                      : YES
Optimize Instantiated Primitives   : NO
Use Clock Enable                   : Yes
Use Synchronous Set                : Yes
Use Synchronous Reset              : Yes
Pack IO Registers into IOBs        : Auto
Equivalent register Removal        : YES

---- General Options
Optimization Goal                  : Speed
Optimization Effort                : 1
Keep Hierarchy                     : No
Netlist Hierarchy                  : As_Optimized
RTL Output                         : Yes
Global Optimization                : AllClockNets
Read Cores                         : YES
Write Timing Constraints           : NO
Cross Clock Analysis               : NO
Hierarchy Separator                : /
Bus Delimiter                      : <>
Case Specifier                     : Maintain
Slice Utilization Ratio            : 100
BRAM Utilization Ratio             : 100
Verilog 2001                       : YES
Auto BRAM Packing                  : NO
Slice Utilization Ratio Delta      : 5

=========================================================================


=========================================================================
*                          HDL Compilation                              *
=========================================================================
Compiling vhdl file "/home/edilson/projects_VHDL/antirebotes/Module_AR.vhd" in Library work.
Entity <module_ar> compiled.
Entity <module_ar> (Architecture <behavioral>) compiled.
Compiling vhdl file "/home/edilson/projects_VHDL/antirebotes/contador_test.vhd" in Library work.
Architecture behavioral of Entity contador_test is up to date.
Compiling vhdl file "/home/edilson/projects_VHDL/antirebotes/AR_complete_counter.vhd" in Library work.
Architecture behavioral of Entity ar_complete_counter is up to date.

=========================================================================
*                     Design Hierarchy Analysis                         *
=========================================================================
Analyzing hierarchy for entity <AR_complete_counter> in library <work> (architecture <behavioral>).

Analyzing hierarchy for entity <Module_AR> in library <work> (architecture <behavioral>).

Analyzing hierarchy for entity <contador_test> in library <work> (architecture <behavioral>).


=========================================================================
*                            HDL Analysis                               *
=========================================================================
Analyzing Entity <AR_complete_counter> in library <work> (Architecture <behavioral>).
Entity <AR_complete_counter> analyzed. Unit <AR_complete_counter> generated.

Analyzing Entity <Module_AR> in library <work> (Architecture <behavioral>).
Entity <Module_AR> analyzed. Unit <Module_AR> generated.

Analyzing Entity <contador_test> in library <work> (Architecture <behavioral>).
Entity <contador_test> analyzed. Unit <contador_test> generated.


=========================================================================
*                           HDL Synthesis                               *
=========================================================================

Performing bidirectional port resolution...

Synthesizing Unit <Module_AR>.
    Related source file is "/home/edilson/projects_VHDL/antirebotes/Module_AR.vhd".
    Found 1-bit register for signal <result>.
    Found 20-bit up counter for signal <counter_out>.
    Found 1-bit xor2 for signal <counter_set>.
    Found 2-bit register for signal <flipflops>.
    Summary:
	inferred   1 Counter(s).
	inferred   3 D-type flip-flop(s).
Unit <Module_AR> synthesized.


Synthesizing Unit <contador_test>.
    Related source file is "/home/edilson/projects_VHDL/antirebotes/contador_test.vhd".
    Found 3-bit up counter for signal <counter>.
    Summary:
	inferred   1 Counter(s).
Unit <contador_test> synthesized.


Synthesizing Unit <AR_complete_counter>.
    Related source file is "/home/edilson/projects_VHDL/antirebotes/AR_complete_counter.vhd".
WARNING:Xst:1780 - Signal <clk_out> is never used or assigned. This unconnected signal will be trimmed during the optimization process.
Unit <AR_complete_counter> synthesized.


=========================================================================
HDL Synthesis Report

Macro Statistics
# Counters                                             : 2
 20-bit up counter                                     : 1
 3-bit up counter                                      : 1
# Registers                                            : 3
 1-bit register                                        : 3
# Xors                                                 : 1
 1-bit xor2                                            : 1

=========================================================================

=========================================================================
*                       Advanced HDL Synthesis                          *
=========================================================================


=========================================================================
Advanced HDL Synthesis Report

Macro Statistics
# Counters                                             : 2
 20-bit up counter                                     : 1
 3-bit up counter                                      : 1
# Registers                                            : 3
 Flip-Flops                                            : 3
# Xors                                                 : 1
 1-bit xor2                                            : 1

=========================================================================

=========================================================================
*                         Low Level Synthesis                           *
=========================================================================

Optimizing unit <AR_complete_counter> ...

Mapping all equations...
Building and optimizing final netlist ...
Found area constraint ratio of 100 (+ 5) on block AR_complete_counter, actual ratio is 0.

Final Macro Processing ...

=========================================================================
Final Register Report

Macro Statistics
# Registers                                            : 26
 Flip-Flops                                            : 26

=========================================================================

=========================================================================
*                           Partition Report                            *
=========================================================================

Partition Implementation Status
-------------------------------

  No Partitions were found in this design.

-------------------------------

=========================================================================
*                            Final Report                               *
=========================================================================
Final Results
RTL Top Level Output File Name     : AR_complete_counter.ngr
Top Level Output File Name         : AR_complete_counter
Output Format                      : NGC
Optimization Goal                  : Speed
Keep Hierarchy                     : No

Design Statistics
# IOs                              : 5

Cell Usage :
# BELS                             : 68
#      GND                         : 1
#      INV                         : 3
#      LUT1                        : 19
#      LUT2                        : 2
#      LUT3                        : 3
#      MUXCY                       : 19
#      VCC                         : 1
#      XORCY                       : 20
# FlipFlops/Latches                : 26
#      FD                          : 2
#      FDE                         : 1
#      FDR                         : 3
#      FDRE                        : 20
# Clock Buffers                    : 1
#      BUFGP                       : 1
# IO Buffers                       : 4
#      IBUF                        : 1
#      OBUF                        : 3
=========================================================================

Device utilization summary:
---------------------------

Selected Device : 3s500efg320-4 

 Number of Slices:                       13  out of   4656     0%  
 Number of Slice Flip Flops:             26  out of   9312     0%  
 Number of 4 input LUTs:                 27  out of   9312     0%  
 Number of IOs:                           5
 Number of bonded IOBs:                   5  out of    232     2%  
 Number of GCLKs:                         1  out of     24     4%  

---------------------------
Partition Resource Summary:
---------------------------

  No Partitions were found in this design.

---------------------------


=========================================================================
TIMING REPORT

NOTE: THESE TIMING NUMBERS ARE ONLY A SYNTHESIS ESTIMATE.
      FOR ACCURATE TIMING INFORMATION PLEASE REFER TO THE TRACE REPORT
      GENERATED AFTER PLACE-and-ROUTE.

Clock Information:
------------------
-----------------------------------+----------------------------------+-------+
Clock Signal                       | Clock buffer(FF name)            | Load  |
-----------------------------------+----------------------------------+-------+
clk                                | BUFGP                            | 23    |
Module_AR_map/result               | NONE(contador_test_map/counter_0)| 3     |
-----------------------------------+----------------------------------+-------+
INFO:Xst:2169 - HDL ADVISOR - Some clock signals were not automatically buffered by XST with BUFG/BUFR resources. Please use the buffer_type constraint in order to insert these buffers to the clock signals to help prevent skew problems.

Asynchronous Control Signals Information:
----------------------------------------
No asynchronous control signals found in this design

Timing Summary:
---------------
Speed Grade: -4

   Minimum period: 4.469ns (Maximum Frequency: 223.764MHz)
   Minimum input arrival time before clock: 1.946ns
   Maximum output required time after clock: 4.496ns
   Maximum combinational path delay: No path found

Timing Detail:
--------------
All values displayed in nanoseconds (ns)

=========================================================================
Timing constraint: Default period analysis for Clock 'clk'
  Clock period: 4.469ns (frequency: 223.764MHz)
  Total number of paths / destination ports: 275 / 63
-------------------------------------------------------------------------
Delay:               4.469ns (Levels of Logic = 20)
  Source:            Module_AR_map/counter_out_1 (FF)
  Destination:       Module_AR_map/counter_out_19 (FF)
  Source Clock:      clk rising
  Destination Clock: clk rising

  Data Path: Module_AR_map/counter_out_1 to Module_AR_map/counter_out_19
                                Gate     Net
    Cell:in->out      fanout   Delay   Delay  Logical Name (Net Name)
    ----------------------------------------  ------------
     FDRE:C->Q             1   0.591   0.595  Module_AR_map/counter_out_1 (Module_AR_map/counter_out_1)
     LUT1:I0->O            1   0.704   0.000  Module_AR_map/Mcount_counter_out_cy<1>_rt (Module_AR_map/Mcount_counter_out_cy<1>_rt)
     MUXCY:S->O            1   0.464   0.000  Module_AR_map/Mcount_counter_out_cy<1> (Module_AR_map/Mcount_counter_out_cy<1>)
     MUXCY:CI->O           1   0.059   0.000  Module_AR_map/Mcount_counter_out_cy<2> (Module_AR_map/Mcount_counter_out_cy<2>)
     MUXCY:CI->O           1   0.059   0.000  Module_AR_map/Mcount_counter_out_cy<3> (Module_AR_map/Mcount_counter_out_cy<3>)
     MUXCY:CI->O           1   0.059   0.000  Module_AR_map/Mcount_counter_out_cy<4> (Module_AR_map/Mcount_counter_out_cy<4>)
     MUXCY:CI->O           1   0.059   0.000  Module_AR_map/Mcount_counter_out_cy<5> (Module_AR_map/Mcount_counter_out_cy<5>)
     MUXCY:CI->O           1   0.059   0.000  Module_AR_map/Mcount_counter_out_cy<6> (Module_AR_map/Mcount_counter_out_cy<6>)
     MUXCY:CI->O           1   0.059   0.000  Module_AR_map/Mcount_counter_out_cy<7> (Module_AR_map/Mcount_counter_out_cy<7>)
     MUXCY:CI->O           1   0.059   0.000  Module_AR_map/Mcount_counter_out_cy<8> (Module_AR_map/Mcount_counter_out_cy<8>)
     MUXCY:CI->O           1   0.059   0.000  Module_AR_map/Mcount_counter_out_cy<9> (Module_AR_map/Mcount_counter_out_cy<9>)
     MUXCY:CI->O           1   0.059   0.000  Module_AR_map/Mcount_counter_out_cy<10> (Module_AR_map/Mcount_counter_out_cy<10>)
     MUXCY:CI->O           1   0.059   0.000  Module_AR_map/Mcount_counter_out_cy<11> (Module_AR_map/Mcount_counter_out_cy<11>)
     MUXCY:CI->O           1   0.059   0.000  Module_AR_map/Mcount_counter_out_cy<12> (Module_AR_map/Mcount_counter_out_cy<12>)
     MUXCY:CI->O           1   0.059   0.000  Module_AR_map/Mcount_counter_out_cy<13> (Module_AR_map/Mcount_counter_out_cy<13>)
     MUXCY:CI->O           1   0.059   0.000  Module_AR_map/Mcount_counter_out_cy<14> (Module_AR_map/Mcount_counter_out_cy<14>)
     MUXCY:CI->O           1   0.059   0.000  Module_AR_map/Mcount_counter_out_cy<15> (Module_AR_map/Mcount_counter_out_cy<15>)
     MUXCY:CI->O           1   0.059   0.000  Module_AR_map/Mcount_counter_out_cy<16> (Module_AR_map/Mcount_counter_out_cy<16>)
     MUXCY:CI->O           1   0.059   0.000  Module_AR_map/Mcount_counter_out_cy<17> (Module_AR_map/Mcount_counter_out_cy<17>)
     MUXCY:CI->O           0   0.059   0.000  Module_AR_map/Mcount_counter_out_cy<18> (Module_AR_map/Mcount_counter_out_cy<18>)
     XORCY:CI->O           1   0.804   0.000  Module_AR_map/Mcount_counter_out_xor<19> (Result<19>)
     FDRE:D                    0.308          Module_AR_map/counter_out_19
    ----------------------------------------
    Total                      4.469ns (3.874ns logic, 0.595ns route)
                                       (86.7% logic, 13.3% route)

=========================================================================
Timing constraint: Default period analysis for Clock 'Module_AR_map/result'
  Clock period: 3.545ns (frequency: 282.087MHz)
  Total number of paths / destination ports: 15 / 6
-------------------------------------------------------------------------
Delay:               3.545ns (Levels of Logic = 1)
  Source:            contador_test_map/counter_0 (FF)
  Destination:       contador_test_map/counter_0 (FF)
  Source Clock:      Module_AR_map/result rising
  Destination Clock: Module_AR_map/result rising

  Data Path: contador_test_map/counter_0 to contador_test_map/counter_0
                                Gate     Net
    Cell:in->out      fanout   Delay   Delay  Logical Name (Net Name)
    ----------------------------------------  ------------
     FDR:C->Q              5   0.591   0.808  contador_test_map/counter_0 (contador_test_map/counter_0)
     LUT3:I0->O            3   0.704   0.531  contador_test_map/counter_cmp_eq00001 (contador_test_map/counter_cmp_eq0000)
     FDR:R                     0.911          contador_test_map/counter_0
    ----------------------------------------
    Total                      3.545ns (2.206ns logic, 1.339ns route)
                                       (62.2% logic, 37.8% route)

=========================================================================
Timing constraint: Default OFFSET IN BEFORE for Clock 'clk'
  Total number of paths / destination ports: 1 / 1
-------------------------------------------------------------------------
Offset:              1.946ns (Levels of Logic = 1)
  Source:            button1 (PAD)
  Destination:       Module_AR_map/flipflops_0 (FF)
  Destination Clock: clk rising

  Data Path: button1 to Module_AR_map/flipflops_0
                                Gate     Net
    Cell:in->out      fanout   Delay   Delay  Logical Name (Net Name)
    ----------------------------------------  ------------
     IBUF:I->O             1   1.218   0.420  button1_IBUF (button1_IBUF)
     FD:D                      0.308          Module_AR_map/flipflops_0
    ----------------------------------------
    Total                      1.946ns (1.526ns logic, 0.420ns route)
                                       (78.4% logic, 21.6% route)

=========================================================================
Timing constraint: Default OFFSET OUT AFTER for Clock 'Module_AR_map/result'
  Total number of paths / destination ports: 3 / 3
-------------------------------------------------------------------------
Offset:              4.496ns (Levels of Logic = 1)
  Source:            contador_test_map/counter_0 (FF)
  Destination:       counter_test<0> (PAD)
  Source Clock:      Module_AR_map/result rising

  Data Path: contador_test_map/counter_0 to counter_test<0>
                                Gate     Net
    Cell:in->out      fanout   Delay   Delay  Logical Name (Net Name)
    ----------------------------------------  ------------
     FDR:C->Q              5   0.591   0.633  contador_test_map/counter_0 (contador_test_map/counter_0)
     OBUF:I->O                 3.272          counter_test_0_OBUF (counter_test<0>)
    ----------------------------------------
    Total                      4.496ns (3.863ns logic, 0.633ns route)
                                       (85.9% logic, 14.1% route)

=========================================================================


Total REAL time to Xst completion: 5.00 secs
Total CPU time to Xst completion: 4.88 secs
 
--> 


Total memory usage is 514280 kilobytes

Number of errors   :    0 (   0 filtered)
Number of warnings :    1 (   0 filtered)
Number of infos    :    1 (   0 filtered)

